<?xml version="1.0" encoding="UTF-8"?>
<!-- Generated by org.testng.reporters.JUnitReportReporter -->
<testsuite skipped="0" hostname="LAPTOP-8PV5OBQH" name="Tests.Loginpage" tests="1" failures="0" timestamp="2021-11-06T19:05:44 IST" time="13.406" errors="0">
  <testcase name="login" time="13.406" classname="Tests.Loginpage"/>
  <system-out/>
</testsuite> <!-- Tests.Loginpage -->
